<?xml version="1.0" encoding="UTF-8"?>
<!-- Generated by org.testng.reporters.JUnitReportReporter -->
<testsuite hostname="LAPTOP-J15UI2E7" failures="0" tests="1" name="jenkinsConcepts.ReadingPropertiesfromJenkins" time="11.626" errors="0" timestamp="22 Jan 2022 14:28:23 GMT" skipped="0">
  <testcase classname="jenkinsConcepts.ReadingPropertiesfromJenkins" name="readDatafromJenkins" time="11.626"/>
</testsuite> <!-- jenkinsConcepts.ReadingPropertiesfromJenkins -->
