<?xml version="1.0" encoding="UTF-8"?>
<!-- Generated by org.testng.reporters.JUnitReportReporter -->
<testsuite hostname="LAPTOP-J15UI2E7" failures="0" tests="1" name="conceptsOfSelenium.SelectDropDown$selectDropDown" time="40.500" errors="0" timestamp="18 Jan 2022 07:07:12 GMT" skipped="0">
  <testcase classname="conceptsOfSelenium.SelectDropDown$selectDropDown" name="selectDDValues" time="40.500"/>
</testsuite> <!-- conceptsOfSelenium.SelectDropDown$selectDropDown -->
