<?xml version="1.0" encoding="UTF-8"?>
<!-- Generated by org.testng.reporters.JUnitReportReporter -->
<testsuite hostname="LAPTOP-J15UI2E7" failures="0" tests="1" name="conceptsOfSelenium.SelectDropDown" time="13.626" errors="0" timestamp="18 Jan 2022 07:32:13 GMT" skipped="0">
  <testcase classname="conceptsOfSelenium.SelectDropDown" name="selectDDValues" time="13.626"/>
</testsuite> <!-- conceptsOfSelenium.SelectDropDown -->
